This is pdfTeX, Version 3.14159265-2.6-1.40.20 (MiKTeX 2.9.7000 64-bit) (preloaded format=pdflatex 2019.3.31)  20 MAY 2019 01:16
entering extended mode
**"./report 1.tex"
("report 1.tex"
LaTeX2e <2018-12-01>
("C:\Users\themi\AppData\Local\Programs\MiKTeX 2.9\tex/latex/base\article.cls"
Document Class: article 2018/09/03 v1.4i Standard LaTeX document class
("C:\Users\themi\AppData\Local\Programs\MiKTeX 2.9\tex/latex/base\size12.clo"
File: size12.clo 2018/09/03 v1.4i Standard LaTeX file (size option)
)
\c@part=\count80
\c@section=\count81
\c@subsection=\count82
\c@subsubsection=\count83
\c@paragraph=\count84
\c@subparagraph=\count85
\c@figure=\count86
\c@table=\count87
\abovecaptionskip=\skip41
\belowcaptionskip=\skip42
\bibindent=\dimen102
)
("C:\Users\themi\AppData\Local\Programs\MiKTeX 2.9\tex/latex/geometry\geometry.
sty"
Package: geometry 2018/04/16 v5.8 Page Geometry

("C:\Users\themi\AppData\Local\Programs\MiKTeX 2.9\tex/latex/graphics\keyval.st
y"
Package: keyval 2014/10/28 v1.15 key=value parser (DPC)
\KV@toks@=\toks14
)
("C:\Users\themi\AppData\Local\Programs\MiKTeX 2.9\tex/generic/oberdiek\ifpdf.s
ty"
Package: ifpdf 2018/09/07 v3.3 Provides the ifpdf switch
)
("C:\Users\themi\AppData\Local\Programs\MiKTeX 2.9\tex/generic/oberdiek\ifvtex.
sty"
Package: ifvtex 2016/05/16 v1.6 Detect VTeX and its facilities (HO)
Package ifvtex Info: VTeX not detected.
)
("C:\Users\themi\AppData\Local\Programs\MiKTeX 2.9\tex/generic/ifxetex\ifxetex.
sty"
Package: ifxetex 2010/09/12 v0.6 Provides ifxetex conditional
)
\Gm@cnth=\count88
\Gm@cntv=\count89
\c@Gm@tempcnt=\count90
\Gm@bindingoffset=\dimen103
\Gm@wd@mp=\dimen104
\Gm@odd@mp=\dimen105
\Gm@even@mp=\dimen106
\Gm@layoutwidth=\dimen107
\Gm@layoutheight=\dimen108
\Gm@layouthoffset=\dimen109
\Gm@layoutvoffset=\dimen110
\Gm@dimlist=\toks15

("C:\Users\themi\AppData\Local\Programs\MiKTeX 2.9\tex/latex/geometry\geometry.
cfg"))
("C:\Users\themi\AppData\Local\Programs\MiKTeX 2.9\tex/latex/base\inputenc.sty"
Package: inputenc 2018/08/11 v1.3c Input encoding file
\inpenc@prehook=\toks16
\inpenc@posthook=\toks17
)
("C:\Users\themi\AppData\Local\Programs\MiKTeX 2.9\tex/latex/tools\multicol.sty
"
Package: multicol 2018/12/27 v1.8v multicolumn formatting (FMi)
\c@tracingmulticols=\count91
\mult@box=\box27
\multicol@leftmargin=\dimen111
\c@unbalance=\count92
\c@collectmore=\count93
\doublecol@number=\count94
\multicoltolerance=\count95
\multicolpretolerance=\count96
\full@width=\dimen112
\page@free=\dimen113
\premulticols=\dimen114
\postmulticols=\dimen115
\multicolsep=\skip43
\multicolbaselineskip=\skip44
\partial@page=\box28
\last@line=\box29
\maxbalancingoverflow=\dimen116
\mult@rightbox=\box30
\mult@grightbox=\box31
\mult@gfirstbox=\box32
\mult@firstbox=\box33
\@tempa=\box34
\@tempa=\box35
\@tempa=\box36
\@tempa=\box37
\@tempa=\box38
\@tempa=\box39
\@tempa=\box40
\@tempa=\box41
\@tempa=\box42
\@tempa=\box43
\@tempa=\box44
\@tempa=\box45
\@tempa=\box46
\@tempa=\box47
\@tempa=\box48
\@tempa=\box49
\@tempa=\box50
\c@columnbadness=\count97
\c@finalcolumnbadness=\count98
\last@try=\dimen117
\multicolovershoot=\dimen118
\multicolundershoot=\dimen119
\mult@nat@firstbox=\box51
\colbreak@box=\box52
\mc@col@check@num=\count99
)
("C:\Users\themi\AppData\Local\Programs\MiKTeX 2.9\tex/latex/amsmath\amsmath.st
y"
Package: amsmath 2018/12/01 v2.17b AMS math features
\@mathmargin=\skip45

For additional information on amsmath, use the `?' option.

("C:\Users\themi\AppData\Local\Programs\MiKTeX 2.9\tex/latex/amsmath\amstext.st
y"
Package: amstext 2000/06/29 v2.01 AMS text

("C:\Users\themi\AppData\Local\Programs\MiKTeX 2.9\tex/latex/amsmath\amsgen.sty
"
File: amsgen.sty 1999/11/30 v2.0 generic functions
\@emptytoks=\toks18
\ex@=\dimen120
))
("C:\Users\themi\AppData\Local\Programs\MiKTeX 2.9\tex/latex/amsmath\amsbsy.sty
"
Package: amsbsy 1999/11/29 v1.2d Bold Symbols
\pmbraise@=\dimen121
)
("C:\Users\themi\AppData\Local\Programs\MiKTeX 2.9\tex/latex/amsmath\amsopn.sty
"
Package: amsopn 2016/03/08 v2.02 operator names
)
\inf@bad=\count100
LaTeX Info: Redefining \frac on input line 223.
\uproot@=\count101
\leftroot@=\count102
LaTeX Info: Redefining \overline on input line 385.
\classnum@=\count103
\DOTSCASE@=\count104
LaTeX Info: Redefining \ldots on input line 482.
LaTeX Info: Redefining \dots on input line 485.
LaTeX Info: Redefining \cdots on input line 606.
\Mathstrutbox@=\box53
\strutbox@=\box54
\big@size=\dimen122
LaTeX Font Info:    Redeclaring font encoding OML on input line 729.
LaTeX Font Info:    Redeclaring font encoding OMS on input line 730.
\macc@depth=\count105
\c@MaxMatrixCols=\count106
\dotsspace@=\muskip10
\c@parentequation=\count107
\dspbrk@lvl=\count108
\tag@help=\toks19
\row@=\count109
\column@=\count110
\maxfields@=\count111
\andhelp@=\toks20
\eqnshift@=\dimen123
\alignsep@=\dimen124
\tagshift@=\dimen125
\tagwidth@=\dimen126
\totwidth@=\dimen127
\lineht@=\dimen128
\@envbody=\toks21
\multlinegap=\skip46
\multlinetaggap=\skip47
\mathdisplay@stack=\toks22
LaTeX Info: Redefining \[ on input line 2844.
LaTeX Info: Redefining \] on input line 2845.
)
("C:\Users\themi\AppData\Local\Programs\MiKTeX 2.9\tex/latex/graphics\graphicx.
sty"
Package: graphicx 2017/06/01 v1.1a Enhanced LaTeX Graphics (DPC,SPQR)

("C:\Users\themi\AppData\Local\Programs\MiKTeX 2.9\tex/latex/graphics\graphics.
sty"
Package: graphics 2017/06/25 v1.2c Standard LaTeX Graphics (DPC,SPQR)

("C:\Users\themi\AppData\Local\Programs\MiKTeX 2.9\tex/latex/graphics\trig.sty"
Package: trig 2016/01/03 v1.10 sin cos tan (DPC)
)
("C:\Users\themi\AppData\Local\Programs\MiKTeX 2.9\tex/latex/graphics-cfg\graph
ics.cfg"
File: graphics.cfg 2016/06/04 v1.11 sample graphics configuration
)
Package graphics Info: Driver file: pdftex.def on input line 99.

("C:\Users\themi\AppData\Local\Programs\MiKTeX 2.9\tex/latex/graphics-def\pdfte
x.def"
File: pdftex.def 2018/01/08 v1.0l Graphics/color driver for pdftex
))
\Gin@req@height=\dimen129
\Gin@req@width=\dimen130
)
("C:\Users\themi\AppData\Local\Programs\MiKTeX 2.9\tex/latex/xcolor\xcolor.sty"
Package: xcolor 2016/05/11 v2.12 LaTeX color extensions (UK)

("C:\Users\themi\AppData\Local\Programs\MiKTeX 2.9\tex/latex/graphics-cfg\color
.cfg"
File: color.cfg 2016/01/02 v1.6 sample color configuration
)
Package xcolor Info: Driver file: pdftex.def on input line 225.
Package xcolor Info: Model `cmy' substituted by `cmy0' on input line 1348.
Package xcolor Info: Model `hsb' substituted by `rgb' on input line 1352.
Package xcolor Info: Model `RGB' extended on input line 1364.
Package xcolor Info: Model `HTML' substituted by `rgb' on input line 1366.
Package xcolor Info: Model `Hsb' substituted by `hsb' on input line 1367.
Package xcolor Info: Model `tHsb' substituted by `hsb' on input line 1368.
Package xcolor Info: Model `HSB' substituted by `hsb' on input line 1369.
Package xcolor Info: Model `Gray' substituted by `gray' on input line 1370.
Package xcolor Info: Model `wave' substituted by `hsb' on input line 1371.
) ("report 1.aux")
\openout1 = `"report 1.aux"'.

LaTeX Font Info:    Checking defaults for OML/cmm/m/it on input line 14.
LaTeX Font Info:    ... okay on input line 14.
LaTeX Font Info:    Checking defaults for T1/cmr/m/n on input line 14.
LaTeX Font Info:    ... okay on input line 14.
LaTeX Font Info:    Checking defaults for OT1/cmr/m/n on input line 14.
LaTeX Font Info:    ... okay on input line 14.
LaTeX Font Info:    Checking defaults for OMS/cmsy/m/n on input line 14.
LaTeX Font Info:    ... okay on input line 14.
LaTeX Font Info:    Checking defaults for OMX/cmex/m/n on input line 14.
LaTeX Font Info:    ... okay on input line 14.
LaTeX Font Info:    Checking defaults for U/cmr/m/n on input line 14.
LaTeX Font Info:    ... okay on input line 14.

*geometry* driver: auto-detecting
*geometry* detected driver: pdftex
*geometry* verbose mode - [ preamble ] result:
* driver: pdftex
* paper: a4paper
* layout: <same size as paper>
* layoutoffset:(h,v)=(0.0pt,0.0pt)
* modes: 
* h-part:(L,W,R)=(56.9055pt, 483.69687pt, 56.9055pt)
* v-part:(T,H,B)=(56.9055pt, 731.23584pt, 56.9055pt)
* \paperwidth=597.50787pt
* \paperheight=845.04684pt
* \textwidth=483.69687pt
* \textheight=731.23584pt
* \oddsidemargin=-15.36449pt
* \evensidemargin=-15.36449pt
* \topmargin=-52.36449pt
* \headheight=12.0pt
* \headsep=25.0pt
* \topskip=12.0pt
* \footskip=30.0pt
* \marginparwidth=35.0pt
* \marginparsep=10.0pt
* \columnsep=10.0pt
* \skip\footins=10.8pt plus 4.0pt minus 2.0pt
* \hoffset=0.0pt
* \voffset=0.0pt
* \mag=1000
* \@twocolumnfalse
* \@twosidefalse
* \@mparswitchfalse
* \@reversemarginfalse
* (1in=72.27pt=25.4mm, 1cm=28.453pt)


("C:\Users\themi\AppData\Local\Programs\MiKTeX 2.9\tex/context/base/mkii\supp-p
df.mkii"
[Loading MPS to PDF converter (version 2006.09.02).]
\scratchcounter=\count112
\scratchdimen=\dimen131
\scratchbox=\box55
\nofMPsegments=\count113
\nofMParguments=\count114
\everyMPshowfont=\toks23
\MPscratchCnt=\count115
\MPscratchDim=\dimen132
\MPnumerator=\count116
\makeMPintoPDFobject=\count117
\everyMPtoPDFconversion=\toks24
)
("C:\Users\themi\AppData\Local\Programs\MiKTeX 2.9\tex/latex/oberdiek\epstopdf-
base.sty"
Package: epstopdf-base 2016/05/15 v2.6 Base part for package epstopdf

("C:\Users\themi\AppData\Local\Programs\MiKTeX 2.9\tex/generic/oberdiek\infware
rr.sty"
Package: infwarerr 2016/05/16 v1.4 Providing info/warning/error messages (HO)
)
("C:\Users\themi\AppData\Local\Programs\MiKTeX 2.9\tex/latex/oberdiek\grfext.st
y"
Package: grfext 2016/05/16 v1.2 Manage graphics extensions (HO)

("C:\Users\themi\AppData\Local\Programs\MiKTeX 2.9\tex/generic/oberdiek\kvdefin
ekeys.sty"
Package: kvdefinekeys 2016/05/16 v1.4 Define keys (HO)

("C:\Users\themi\AppData\Local\Programs\MiKTeX 2.9\tex/generic/oberdiek\ltxcmds
.sty"
Package: ltxcmds 2016/05/16 v1.23 LaTeX kernel commands for general use (HO)
)))
("C:\Users\themi\AppData\Local\Programs\MiKTeX 2.9\tex/latex/oberdiek\kvoptions
.sty"
Package: kvoptions 2016/05/16 v3.12 Key value format for package options (HO)

("C:\Users\themi\AppData\Local\Programs\MiKTeX 2.9\tex/generic/oberdiek\kvsetke
ys.sty"
Package: kvsetkeys 2016/05/16 v1.17 Key value parser (HO)

("C:\Users\themi\AppData\Local\Programs\MiKTeX 2.9\tex/generic/oberdiek\etexcmd
s.sty"
Package: etexcmds 2016/05/16 v1.6 Avoid name clashes with e-TeX commands (HO)

("C:\Users\themi\AppData\Local\Programs\MiKTeX 2.9\tex/generic/oberdiek\ifluate
x.sty"
Package: ifluatex 2016/05/16 v1.4 Provides the ifluatex switch (HO)
Package ifluatex Info: LuaTeX not detected.
))))
("C:\Users\themi\AppData\Local\Programs\MiKTeX 2.9\tex/generic/oberdiek\pdftexc
mds.sty"
Package: pdftexcmds 2018/09/10 v0.29 Utility functions of pdfTeX for LuaTeX (HO
)
Package pdftexcmds Info: LuaTeX not detected.
Package pdftexcmds Info: \pdf@primitive is available.
Package pdftexcmds Info: \pdf@ifprimitive is available.
Package pdftexcmds Info: \pdfdraftmode found.
)
Package epstopdf-base Info: Redefining graphics rule for `.eps' on input line 4
38.
Package grfext Info: Graphics extension search list:
(grfext)             [.pdf,.png,.jpg,.mps,.jpeg,.jbig2,.jb2,.PDF,.PNG,.JPG,.JPE
G,.JBIG2,.JB2,.eps]
(grfext)             \AppendGraphicsExtensions on input line 456.
) [1

{C:/Users/themi/AppData/Local/MiKTeX/2.9/pdftex/config/pdftex.map}] [2] ("repor
t 1.toc")
\tf@toc=\write3
\openout3 = `"report 1.toc"'.

 [3]
<./graphic/SPlacement.png, id=17, 180.675pt x 124.66576pt>
File: ./graphic/SPlacement.png Graphic file (type png)
<use ./graphic/SPlacement.png>
Package pdftex.def Info: ./graphic/SPlacement.png  used on input line 31.
(pdftex.def)             Requested size: 180.67455pt x 124.66544pt.
 [4 <./graphic/SPlacement.png>]
<./graphic/full_circuit.png, id=24, 933.4875pt x 510.10574pt>
File: ./graphic/full_circuit.png Graphic file (type png)
<use ./graphic/full_circuit.png>
Package pdftex.def Info: ./graphic/full_circuit.png  used on input line 65.
(pdftex.def)             Requested size: 483.69684pt x 264.3147pt.
 [5 <./graphic/full_circuit.png>]
<./graphic/18650.png, id=31, 351.11176pt x 159.59625pt>
File: ./graphic/18650.png Graphic file (type png)
<use ./graphic/18650.png>
Package pdftex.def Info: ./graphic/18650.png  used on input line 97.
(pdftex.def)             Requested size: 245.77654pt x 111.7166pt.
<./graphic/AMS1117.png, id=32, 1152.305pt x 593.21625pt>
File: ./graphic/AMS1117.png Graphic file (type png)
<use ./graphic/AMS1117.png>
Package pdftex.def Info: ./graphic/AMS1117.png  used on input line 104.
(pdftex.def)             Requested size: 284.52756pt x 146.47523pt.
 [6 <./graphic/18650.png>]
<./graphic/A301.png, id=40, 620.3175pt x 385.44pt>
File: ./graphic/A301.png Graphic file (type png)
<use ./graphic/A301.png>
Package pdftex.def Info: ./graphic/A301.png  used on input line 119.
(pdftex.def)             Requested size: 483.69684pt x 300.54788pt.
<./graphic/flex.png, id=41, 254.1495pt x 239.09325pt>
File: ./graphic/flex.png Graphic file (type png)
<use ./graphic/flex.png>
Package pdftex.def Info: ./graphic/flex.png  used on input line 125.
(pdftex.def)             Requested size: 254.14888pt x 239.09265pt.
<./graphic/rpy.png, id=42, 231.86626pt x 248.72925pt>
File: ./graphic/rpy.png Graphic file (type png)
<use ./graphic/rpy.png>
Package pdftex.def Info: ./graphic/rpy.png  used on input line 136.
(pdftex.def)             Requested size: 199.16928pt x 213.66008pt.
<./graphic/Gyro.jpg, id=43, 665.48625pt x 707.64375pt>
File: ./graphic/Gyro.jpg Graphic file (type jpg)
<use ./graphic/Gyro.jpg>
Package pdftex.def Info: ./graphic/Gyro.jpg  used on input line 138.
(pdftex.def)             Requested size: 227.62204pt x 242.0318pt.

Overfull \hbox (1.07878pt too wide) in paragraph at lines 130--142
\OT1/cmr/m/n/12 Currently the GY-25 is set to com-mu-ni-cate with Esp8266 throu
gh Se-rial (TX,RX) port.For
 []

[7 <./graphic/AMS1117.png>] [8 <./graphic/A301.png> <./graphic/flex.png>]
Underfull \hbox (badness 10000) in paragraph at lines 143--146

 []

<./graphic/insole.png, id=53, 1300.86pt x 1734.48pt>
File: ./graphic/insole.png Graphic file (type png)
<use ./graphic/insole.png>
Package pdftex.def Info: ./graphic/insole.png  used on input line 162.
(pdftex.def)             Requested size: 199.16928pt x 265.55984pt.
[9 <./graphic/rpy.png> <./graphic/Gyro.jpg>]
<./graphic/Gy25.png, id=58, 463.13025pt x 256.5585pt>
File: ./graphic/Gy25.png Graphic file (type png)
<use ./graphic/Gy25.png>
Package pdftex.def Info: ./graphic/Gy25.png  used on input line 171.
(pdftex.def)             Requested size: 463.12912pt x 256.55788pt.
<./graphic/lm358test.png, id=59, 1078.0275pt x 507.0945pt>
File: ./graphic/lm358test.png Graphic file (type png)
<use ./graphic/lm358test.png>
Package pdftex.def Info: ./graphic/lm358test.png  used on input line 180.
(pdftex.def)             Requested size: 483.69684pt x 227.52496pt.
<./graphic/test1.jpg, id=60, 650.43pt x 867.24pt>
File: ./graphic/test1.jpg Graphic file (type jpg)
<use ./graphic/test1.jpg>
Package pdftex.def Info: ./graphic/test1.jpg  used on input line 187.
(pdftex.def)             Requested size: 483.69684pt x 644.94995pt.
 [10 <./graphic/insole.png>]
[11 <./graphic/Gy25.png> <./graphic/lm358test.png>] [12 <./graphic/test1.jpg>]
<./graphic/lipo.png, id=72, 245.11575pt x 164.41425pt>
File: ./graphic/lipo.png Graphic file (type png)
<use ./graphic/lipo.png>
Package pdftex.def Info: ./graphic/lipo.png  used on input line 204.
(pdftex.def)             Requested size: 241.84842pt x 162.2262pt.
<./graphic/paperbat.png, id=73, 648.62325pt x 508.90125pt>
File: ./graphic/paperbat.png Graphic file (type png)
<use ./graphic/paperbat.png>
Package pdftex.def Info: ./graphic/paperbat.png  used on input line 205.
(pdftex.def)             Requested size: 241.84842pt x 189.75037pt.

[13]
Underfull \hbox (badness 1997) in paragraph at lines 221--222
[]\OT1/cmr/m/n/12 Espressif Sys-tem,\OT1/cmr/m/it/12 "ESP8266EX"\OT1/cmr/m/n/12
 ,\OT1/cmr/m/it/12 ESP8266 Wifi mod-ule datasheet\OT1/cmr/m/n/12 ,version 6 [re
-vised
 []


Underfull \hbox (badness 2134) in paragraph at lines 230--231
[]\OT1/cmr/m/n/12 Texas In-stru-ments, \OT1/cmr/m/it/12 "LMx58-N Low-Power, Dua
l-Operational Am-pli-fiers", LM358
 []

[14 <./graphic/lipo.png> <./graphic/paperbat.png>] [15] ("report 1.aux") ) 
Here is how much of TeX's memory you used:
 3247 strings out of 492945
 45669 string characters out of 3126252
 127977 words of memory out of 3000000
 7089 multiletter control sequences out of 15000+200000
 12159 words of font info for 43 fonts, out of 3000000 for 9000
 1141 hyphenation exceptions out of 8191
 41i,10n,35p,1252b,354s stack positions out of 5000i,500n,10000p,200000b,50000s
<C:/U
sers/themi/AppData/Local/Programs/MiKTeX 2.9/fonts/type1/public/amsfonts/cm/cmb
x10.pfb><C:/Users/themi/AppData/Local/Programs/MiKTeX 2.9/fonts/type1/public/am
sfonts/cm/cmbx12.pfb><C:/Users/themi/AppData/Local/Programs/MiKTeX 2.9/fonts/ty
pe1/public/amsfonts/cm/cmmi12.pfb><C:/Users/themi/AppData/Local/Programs/MiKTeX
 2.9/fonts/type1/public/amsfonts/cm/cmmi8.pfb><C:/Users/themi/AppData/Local/Pro
grams/MiKTeX 2.9/fonts/type1/public/amsfonts/cm/cmr10.pfb><C:/Users/themi/AppDa
ta/Local/Programs/MiKTeX 2.9/fonts/type1/public/amsfonts/cm/cmr12.pfb><C:/Users
/themi/AppData/Local/Programs/MiKTeX 2.9/fonts/type1/public/amsfonts/cm/cmr17.p
fb><C:/Users/themi/AppData/Local/Programs/MiKTeX 2.9/fonts/type1/public/amsfont
s/cm/cmr7.pfb><C:/Users/themi/AppData/Local/Programs/MiKTeX 2.9/fonts/type1/pub
lic/amsfonts/cm/cmr8.pfb><C:/Users/themi/AppData/Local/Programs/MiKTeX 2.9/font
s/type1/public/amsfonts/cm/cmsy10.pfb><C:/Users/themi/AppData/Local/Programs/Mi
KTeX 2.9/fonts/type1/public/amsfonts/cm/cmti10.pfb><C:/Users/themi/AppData/Loca
l/Programs/MiKTeX 2.9/fonts/type1/public/amsfonts/cm/cmti12.pfb><C:/Users/themi
/AppData/Local/Programs/MiKTeX 2.9/fonts/type1/public/amsfonts/cm/cmti8.pfb>
Output written on "report 1.pdf" (15 pages, 5260360 bytes).
PDF statistics:
 128 PDF objects out of 1000 (max. 8388607)
 0 named destinations out of 1000 (max. 500000)
 71 words of extra memory for PDF output out of 10000 (max. 10000000)

